# JRE version: OpenJDK Runtime Environment (17.0.7) (build 17.0.7+0-b2043.56-10550314)
# Java VM: OpenJDK 64-Bit Server VM (17.0.7+0-b2043.56-10550314, mixed mode, tiered, compressed oops, compressed class ptrs, serial gc, windows-amd64)
GC Precious Log:
 CPUs: 4 total, 4 available
 Memory: 1772M
 Large Page Support: Disabled
 NUMA Support: Disabled
 Compressed Oops: Enabled (32-bit)
 Heap Min Capacity: 8M
 Heap Initial Capacity: 28M
 Heap Max Capacity: 2G
 Pre-touch: Disabled
Heap:
 def new generation   total 57024K, used 32585K [0x0000000080000000, 0x0000000083dd0000, 0x00000000aaaa0000)
  eden space 50752K,  55% used [0x0000000080000000, 0x0000000081baf4d0, 0x0000000083190000)
  from space 6272K,  67% used [0x00000000837b0000, 0x0000000083bd3148, 0x0000000083dd0000)
  to   space 6272K,   0% used [0x0000000083190000, 0x0000000083190000, 0x00000000837b0000)
 tenured generation   total 126308K, used 104438K [0x00000000aaaa0000, 0x00000000b25f9000, 0x0000000100000000)
   the space 126308K,  82% used [0x00000000aaaa0000, 0x00000000b109d9c8, 0x00000000b109da00, 0x00000000b25f9000)
 Metaspace       used 113080K, committed 113728K, reserved 1179648K
  class space    used 14460K, committed 14784K, reserved 1048576K
GC Heap History (20 events):
Event: 26.701 GC heap before
{Heap before GC invocations=33 (full 3):
 def new generation   total 36864K, used 29026K [0x0000000080000000, 0x0000000082800000, 0x00000000aaaa0000)
  eden space 32768K,  76% used [0x0000000080000000, 0x0000000081858838, 0x0000000082000000)
  from space 4096K, 100% used [0x0000000082000000, 0x0000000082400000, 0x0000000082400000)
  to   space 4096K,   0% used [0x0000000082400000, 0x0000000082400000, 0x0000000082800000)
 tenured generation   total 81648K, used 76217K [0x00000000aaaa0000, 0x00000000afa5c000, 0x0000000100000000)
   the space 81648K,  93% used [0x00000000aaaa0000, 0x00000000af50e548, 0x00000000af50e600, 0x00000000afa5c000)
 Metaspace       used 71648K, committed 72256K, reserved 1114112K
  class space    used 9856K, committed 10176K, reserved 1048576K
}
Event: 27.343 GC heap after
{Heap after GC invocations=34 (full 4):
 def new generation   total 57024K, used 0K [0x0000000080000000, 0x0000000083dd0000, 0x00000000aaaa0000)
  eden space 50752K,   0% used [0x0000000080000000, 0x0000000080000000, 0x0000000083190000)
  from space 6272K,   0% used [0x0000000083190000, 0x0000000083190000, 0x00000000837b0000)
  to   space 6272K,   0% used [0x00000000837b0000, 0x00000000837b0000, 0x0000000083dd0000)
 tenured generation   total 126308K, used 75782K [0x00000000aaaa0000, 0x00000000b25f9000, 0x0000000100000000)
   the space 126308K,  59% used [0x00000000aaaa0000, 0x00000000af4a1a18, 0x00000000af4a1c00, 0x00000000b25f9000)
 Metaspace       used 71648K, committed 72256K, reserved 1114112K
  class space    used 9856K, committed 10176K, reserved 1048576K
}
Event: 28.586 GC heap before
{Heap before GC invocations=34 (full 4):
 def new generation   total 57024K, used 50752K [0x0000000080000000, 0x0000000083dd0000, 0x00000000aaaa0000)
  eden space 50752K, 100% used [0x0000000080000000, 0x0000000083190000, 0x0000000083190000)
  from space 6272K,   0% used [0x0000000083190000, 0x0000000083190000, 0x00000000837b0000)
  to   space 6272K,   0% used [0x00000000837b0000, 0x00000000837b0000, 0x0000000083dd0000)
 tenured generation   total 126308K, used 75782K [0x00000000aaaa0000, 0x00000000b25f9000, 0x0000000100000000)
   the space 126308K,  59% used [0x00000000aaaa0000, 0x00000000af4a1a18, 0x00000000af4a1c00, 0x00000000b25f9000)
 Metaspace       used 76511K, committed 77184K, reserved 1179648K
  class space    used 10413K, committed 10752K, reserved 1048576K
}
Event: 28.897 GC heap after
{Heap after GC invocations=35 (full 4):
 def new generation   total 57024K, used 6272K [0x0000000080000000, 0x0000000083dd0000, 0x00000000aaaa0000)
  eden space 50752K,   0% used [0x0000000080000000, 0x0000000080000000, 0x0000000083190000)
  from space 6272K, 100% used [0x00000000837b0000, 0x0000000083dd0000, 0x0000000083dd0000)
  to   space 6272K,   0% used [0x0000000083190000, 0x0000000083190000, 0x00000000837b0000)
 tenured generation   total 126308K, used 78821K [0x00000000aaaa0000, 0x00000000b25f9000, 0x0000000100000000)
   the space 126308K,  62% used [0x00000000aaaa0000, 0x00000000af799670, 0x00000000af799800, 0x00000000b25f9000)
 Metaspace       used 76511K, committed 77184K, reserved 1179648K
  class space    used 10413K, committed 10752K, reserved 1048576K
}
Event: 30.439 GC heap before
{Heap before GC invocations=35 (full 4):
 def new generation   total 57024K, used 57024K [0x0000000080000000, 0x0000000083dd0000, 0x00000000aaaa0000)
  eden space 50752K, 100% used [0x0000000080000000, 0x0000000083190000, 0x0000000083190000)
  from space 6272K, 100% used [0x00000000837b0000, 0x0000000083dd0000, 0x0000000083dd0000)
  to   space 6272K,   0% used [0x0000000083190000, 0x0000000083190000, 0x00000000837b0000)
 tenured generation   total 126308K, used 78821K [0x00000000aaaa0000, 0x00000000b25f9000, 0x0000000100000000)
   the space 126308K,  62% used [0x00000000aaaa0000, 0x00000000af799670, 0x00000000af799800, 0x00000000b25f9000)
 Metaspace       used 82753K, committed 83392K, reserved 1179648K
  class space    used 11032K, committed 11328K, reserved 1048576K
}
Event: 30.460 GC heap after
{Heap after GC invocations=36 (full 4):
 def new generation   total 57024K, used 2255K [0x0000000080000000, 0x0000000083dd0000, 0x00000000aaaa0000)
  eden space 50752K,   0% used [0x0000000080000000, 0x0000000080000000, 0x0000000083190000)
  from space 6272K,  35% used [0x0000000083190000, 0x00000000833c3ca0, 0x00000000837b0000)
  to   space 6272K,   0% used [0x00000000837b0000, 0x00000000837b0000, 0x0000000083dd0000)
 tenured generation   total 126308K, used 85056K [0x00000000aaaa0000, 0x00000000b25f9000, 0x0000000100000000)
   the space 126308K,  67% used [0x00000000aaaa0000, 0x00000000afdb0380, 0x00000000afdb0400, 0x00000000b25f9000)
 Metaspace       used 82753K, committed 83392K, reserved 1179648K
  class space    used 11032K, committed 11328K, reserved 1048576K
}
Event: 31.767 GC heap before
{Heap before GC invocations=36 (full 4):
 def new generation   total 57024K, used 53007K [0x0000000080000000, 0x0000000083dd0000, 0x00000000aaaa0000)
  eden space 50752K, 100% used [0x0000000080000000, 0x0000000083190000, 0x0000000083190000)
  from space 6272K,  35% used [0x0000000083190000, 0x00000000833c3ca0, 0x00000000837b0000)
  to   space 6272K,   0% used [0x00000000837b0000, 0x00000000837b0000, 0x0000000083dd0000)
 tenured generation   total 126308K, used 85056K [0x00000000aaaa0000, 0x00000000b25f9000, 0x0000000100000000)
   the space 126308K,  67% used [0x00000000aaaa0000, 0x00000000afdb0380, 0x00000000afdb0400, 0x00000000b25f9000)
 Metaspace       used 88460K, committed 89088K, reserved 1179648K
  class space    used 11733K, committed 12032K, reserved 1048576K
}
Event: 31.795 GC heap after
{Heap after GC invocations=37 (full 4):
 def new generation   total 57024K, used 6154K [0x0000000080000000, 0x0000000083dd0000, 0x00000000aaaa0000)
  eden space 50752K,   0% used [0x0000000080000000, 0x0000000080000000, 0x0000000083190000)
  from space 6272K,  98% used [0x00000000837b0000, 0x0000000083db2878, 0x0000000083dd0000)
  to   space 6272K,   0% used [0x0000000083190000, 0x0000000083190000, 0x00000000837b0000)
 tenured generation   total 126308K, used 85056K [0x00000000aaaa0000, 0x00000000b25f9000, 0x0000000100000000)
   the space 126308K,  67% used [0x00000000aaaa0000, 0x00000000afdb0380, 0x00000000afdb0400, 0x00000000b25f9000)
 Metaspace       used 88460K, committed 89088K, reserved 1179648K
  class space    used 11733K, committed 12032K, reserved 1048576K
}
Event: 32.539 GC heap before
{Heap before GC invocations=37 (full 4):
 def new generation   total 57024K, used 56906K [0x0000000080000000, 0x0000000083dd0000, 0x00000000aaaa0000)
  eden space 50752K, 100% used [0x0000000080000000, 0x0000000083190000, 0x0000000083190000)
  from space 6272K,  98% used [0x00000000837b0000, 0x0000000083db2878, 0x0000000083dd0000)
  to   space 6272K,   0% used [0x0000000083190000, 0x0000000083190000, 0x00000000837b0000)
 tenured generation   total 126308K, used 85056K [0x00000000aaaa0000, 0x00000000b25f9000, 0x0000000100000000)
   the space 126308K,  67% used [0x00000000aaaa0000, 0x00000000afdb0380, 0x00000000afdb0400, 0x00000000b25f9000)
 Metaspace       used 90837K, committed 91456K, reserved 1179648K
  class space    used 11994K, committed 12288K, reserved 1048576K
}
Event: 32.565 GC heap after
{Heap after GC invocations=38 (full 4):
 def new generation   total 57024K, used 3316K [0x0000000080000000, 0x0000000083dd0000, 0x00000000aaaa0000)
  eden space 50752K,   0% used [0x0000000080000000, 0x0000000080000000, 0x0000000083190000)
  from space 6272K,  52% used [0x0000000083190000, 0x00000000834cd260, 0x00000000837b0000)
  to   space 6272K,   0% used [0x00000000837b0000, 0x00000000837b0000, 0x0000000083dd0000)
 tenured generation   total 126308K, used 90740K [0x00000000aaaa0000, 0x00000000b25f9000, 0x0000000100000000)
   the space 126308K,  71% used [0x00000000aaaa0000, 0x00000000b033d0c0, 0x00000000b033d200, 0x00000000b25f9000)
 Metaspace       used 90837K, committed 91456K, reserved 1179648K
  class space    used 11994K, committed 12288K, reserved 1048576K
}
Event: 33.545 GC heap before
{Heap before GC invocations=38 (full 4):
 def new generation   total 57024K, used 54068K [0x0000000080000000, 0x0000000083dd0000, 0x00000000aaaa0000)
  eden space 50752K, 100% used [0x0000000080000000, 0x0000000083190000, 0x0000000083190000)
  from space 6272K,  52% used [0x0000000083190000, 0x00000000834cd260, 0x00000000837b0000)
  to   space 6272K,   0% used [0x00000000837b0000, 0x00000000837b0000, 0x0000000083dd0000)
 tenured generation   total 126308K, used 90740K [0x00000000aaaa0000, 0x00000000b25f9000, 0x0000000100000000)
   the space 126308K,  71% used [0x00000000aaaa0000, 0x00000000b033d0c0, 0x00000000b033d200, 0x00000000b25f9000)
 Metaspace       used 95073K, committed 95808K, reserved 1179648K
  class space    used 12465K, committed 12800K, reserved 1048576K
}
Event: 33.562 GC heap after
{Heap after GC invocations=39 (full 4):
 def new generation   total 57024K, used 2256K [0x0000000080000000, 0x0000000083dd0000, 0x00000000aaaa0000)
  eden space 50752K,   0% used [0x0000000080000000, 0x0000000080000000, 0x0000000083190000)
  from space 6272K,  35% used [0x00000000837b0000, 0x00000000839e4198, 0x0000000083dd0000)
  to   space 6272K,   0% used [0x0000000083190000, 0x0000000083190000, 0x00000000837b0000)
 tenured generation   total 126308K, used 93594K [0x00000000aaaa0000, 0x00000000b25f9000, 0x0000000100000000)
   the space 126308K,  74% used [0x00000000aaaa0000, 0x00000000b0606b30, 0x00000000b0606c00, 0x00000000b25f9000)
 Metaspace       used 95073K, committed 95808K, reserved 1179648K
  class space    used 12465K, committed 12800K, reserved 1048576K
}
Event: 34.712 GC heap before
{Heap before GC invocations=39 (full 4):
 def new generation   total 57024K, used 53008K [0x0000000080000000, 0x0000000083dd0000, 0x00000000aaaa0000)
  eden space 50752K, 100% used [0x0000000080000000, 0x0000000083190000, 0x0000000083190000)
  from space 6272K,  35% used [0x00000000837b0000, 0x00000000839e4198, 0x0000000083dd0000)
  to   space 6272K,   0% used [0x0000000083190000, 0x0000000083190000, 0x00000000837b0000)
 tenured generation   total 126308K, used 93594K [0x00000000aaaa0000, 0x00000000b25f9000, 0x0000000100000000)
   the space 126308K,  74% used [0x00000000aaaa0000, 0x00000000b0606b30, 0x00000000b0606c00, 0x00000000b25f9000)
 Metaspace       used 100306K, committed 100992K, reserved 1179648K
  class space    used 13106K, committed 13440K, reserved 1048576K
}
Event: 34.731 GC heap after
{Heap after GC invocations=40 (full 4):
 def new generation   total 57024K, used 5487K [0x0000000080000000, 0x0000000083dd0000, 0x00000000aaaa0000)
  eden space 50752K,   0% used [0x0000000080000000, 0x0000000080000000, 0x0000000083190000)
  from space 6272K,  87% used [0x0000000083190000, 0x00000000836ebe28, 0x00000000837b0000)
  to   space 6272K,   0% used [0x00000000837b0000, 0x00000000837b0000, 0x0000000083dd0000)
 tenured generation   total 126308K, used 93594K [0x00000000aaaa0000, 0x00000000b25f9000, 0x0000000100000000)
   the space 126308K,  74% used [0x00000000aaaa0000, 0x00000000b0606b30, 0x00000000b0606c00, 0x00000000b25f9000)
 Metaspace       used 100306K, committed 100992K, reserved 1179648K
  class space    used 13106K, committed 13440K, reserved 1048576K
}
Event: 36.322 GC heap before
{Heap before GC invocations=40 (full 4):
 def new generation   total 57024K, used 56239K [0x0000000080000000, 0x0000000083dd0000, 0x00000000aaaa0000)
  eden space 50752K, 100% used [0x0000000080000000, 0x0000000083190000, 0x0000000083190000)
  from space 6272K,  87% used [0x0000000083190000, 0x00000000836ebe28, 0x00000000837b0000)
  to   space 6272K,   0% used [0x00000000837b0000, 0x00000000837b0000, 0x0000000083dd0000)
 tenured generation   total 126308K, used 93594K [0x00000000aaaa0000, 0x00000000b25f9000, 0x0000000100000000)
   the space 126308K,  74% used [0x00000000aaaa0000, 0x00000000b0606b30, 0x00000000b0606c00, 0x00000000b25f9000)
 Metaspace       used 107794K, committed 108416K, reserved 1179648K
  class space    used 13868K, committed 14144K, reserved 1048576K
}
Event: 36.345 GC heap after
{Heap after GC invocations=41 (full 4):
 def new generation   total 57024K, used 1270K [0x0000000080000000, 0x0000000083dd0000, 0x00000000aaaa0000)
  eden space 50752K,   0% used [0x0000000080000000, 0x0000000080000000, 0x0000000083190000)
  from space 6272K,  20% used [0x00000000837b0000, 0x00000000838edac8, 0x0000000083dd0000)
  to   space 6272K,   0% used [0x0000000083190000, 0x0000000083190000, 0x00000000837b0000)
 tenured generation   total 126308K, used 99067K [0x00000000aaaa0000, 0x00000000b25f9000, 0x0000000100000000)
   the space 126308K,  78% used [0x00000000aaaa0000, 0x00000000b0b5ee60, 0x00000000b0b5f000, 0x00000000b25f9000)
 Metaspace       used 107794K, committed 108416K, reserved 1179648K
  class space    used 13868K, committed 14144K, reserved 1048576K
}
Event: 38.425 GC heap before
{Heap before GC invocations=41 (full 4):
 def new generation   total 57024K, used 52022K [0x0000000080000000, 0x0000000083dd0000, 0x00000000aaaa0000)
  eden space 50752K, 100% used [0x0000000080000000, 0x0000000083190000, 0x0000000083190000)
  from space 6272K,  20% used [0x00000000837b0000, 0x00000000838edac8, 0x0000000083dd0000)
  to   space 6272K,   0% used [0x0000000083190000, 0x0000000083190000, 0x00000000837b0000)
 tenured generation   total 126308K, used 99067K [0x00000000aaaa0000, 0x00000000b25f9000, 0x0000000100000000)
   the space 126308K,  78% used [0x00000000aaaa0000, 0x00000000b0b5ee60, 0x00000000b0b5f000, 0x00000000b25f9000)
 Metaspace       used 110622K, committed 111232K, reserved 1179648K
  class space    used 14185K, committed 14464K, reserved 1048576K
}
Event: 38.470 GC heap after
{Heap after GC invocations=42 (full 4):
 def new generation   total 57024K, used 6272K [0x0000000080000000, 0x0000000083dd0000, 0x00000000aaaa0000)
  eden space 50752K,   0% used [0x0000000080000000, 0x0000000080000000, 0x0000000083190000)
  from space 6272K, 100% used [0x0000000083190000, 0x00000000837b0000, 0x00000000837b0000)
  to   space 6272K,   0% used [0x00000000837b0000, 0x00000000837b0000, 0x0000000083dd0000)
 tenured generation   total 126308K, used 100151K [0x00000000aaaa0000, 0x00000000b25f9000, 0x0000000100000000)
   the space 126308K,  79% used [0x00000000aaaa0000, 0x00000000b0c6df98, 0x00000000b0c6e000, 0x00000000b25f9000)
 Metaspace       used 110622K, committed 111232K, reserved 1179648K
  class space    used 14185K, committed 14464K, reserved 1048576K
}
Event: 39.021 GC heap before
{Heap before GC invocations=42 (full 4):
 def new generation   total 57024K, used 57024K [0x0000000080000000, 0x0000000083dd0000, 0x00000000aaaa0000)
  eden space 50752K, 100% used [0x0000000080000000, 0x0000000083190000, 0x0000000083190000)
  from space 6272K, 100% used [0x0000000083190000, 0x00000000837b0000, 0x00000000837b0000)
  to   space 6272K,   0% used [0x00000000837b0000, 0x00000000837b0000, 0x0000000083dd0000)
 tenured generation   total 126308K, used 100151K [0x00000000aaaa0000, 0x00000000b25f9000, 0x0000000100000000)
   the space 126308K,  79% used [0x00000000aaaa0000, 0x00000000b0c6df98, 0x00000000b0c6e000, 0x00000000b25f9000)
 Metaspace       used 111375K, committed 112000K, reserved 1179648K
  class space    used 14237K, committed 14528K, reserved 1048576K
}
Event: 39.053 GC heap after
{Heap after GC invocations=43 (full 4):
 def new generation   total 57024K, used 4236K [0x0000000080000000, 0x0000000083dd0000, 0x00000000aaaa0000)
  eden space 50752K,   0% used [0x0000000080000000, 0x0000000080000000, 0x0000000083190000)
  from space 6272K,  67% used [0x00000000837b0000, 0x0000000083bd3148, 0x0000000083dd0000)
  to   space 6272K,   0% used [0x0000000083190000, 0x0000000083190000, 0x00000000837b0000)
 tenured generation   total 126308K, used 104438K [0x00000000aaaa0000, 0x00000000b25f9000, 0x0000000100000000)
   the space 126308K,  82% used [0x00000000aaaa0000, 0x00000000b109d9c8, 0x00000000b109da00, 0x00000000b25f9000)
 Metaspace       used 111375K, committed 112000K, reserved 1179648K
  class space    used 14237K, committed 14528K, reserved 1048576K
}

