# JRE version: OpenJDK Runtime Environment (17.0.7) (build 17.0.7+0-b2043.56-10550314)
# Java VM: OpenJDK 64-Bit Server VM (17.0.7+0-b2043.56-10550314, mixed mode, tiered, compressed oops, compressed class ptrs, serial gc, windows-amd64)
GC Precious Log:
 CPUs: 4 total, 4 available
 Memory: 1772M
 Large Page Support: Disabled
 NUMA Support: Disabled
 Compressed Oops: Enabled (32-bit)
 Heap Min Capacity: 8M
 Heap Initial Capacity: 28M
 Heap Max Capacity: 2G
 Pre-touch: Disabled
Heap:
 def new generation   total 36928K, used 32270K [0x0000000080000000, 0x0000000082810000, 0x00000000aaaa0000)
  eden space 32832K,  98% used [0x0000000080000000, 0x0000000081f838d8, 0x0000000082010000)
  from space 4096K,   0% used [0x0000000082010000, 0x0000000082010000, 0x0000000082410000)
  to   space 4096K,   0% used [0x0000000082410000, 0x0000000082410000, 0x0000000082810000)
 tenured generation   total 81664K, used 76716K [0x00000000aaaa0000, 0x00000000afa60000, 0x0000000100000000)
   the space 81664K,  93% used [0x00000000aaaa0000, 0x00000000af58b090, 0x00000000af58b200, 0x00000000afa60000)
 Metaspace       used 75343K, committed 76032K, reserved 1179648K
  class space    used 10466K, committed 10752K, reserved 1048576K
GC Heap History (20 events):
Event: 27.568 GC heap before
{Heap before GC invocations=25 (full 2):
 def new generation   total 21376K, used 2368K [0x0000000080000000, 0x0000000081730000, 0x00000000aaaa0000)
  eden space 19008K,   0% used [0x0000000080000000, 0x0000000080000000, 0x0000000081290000)
  from space 2368K, 100% used [0x0000000081290000, 0x00000000814e0000, 0x00000000814e0000)
  to   space 2368K,   0% used [0x00000000814e0000, 0x00000000814e0000, 0x0000000081730000)
 tenured generation   total 49152K, used 48987K [0x00000000aaaa0000, 0x00000000adaa0000, 0x0000000100000000)
   the space 49152K,  99% used [0x00000000aaaa0000, 0x00000000ada76d00, 0x00000000ada76e00, 0x00000000adaa0000)
 Metaspace       used 43121K, committed 43520K, reserved 1114112K
  class space    used 5745K, committed 5888K, reserved 1048576K
}
Event: 27.757 GC heap after
{Heap after GC invocations=25 (full 3):
 def new generation   total 36864K, used 2357K [0x0000000080000000, 0x0000000082800000, 0x00000000aaaa0000)
  eden space 32768K,   7% used [0x0000000080000000, 0x000000008024d560, 0x0000000082000000)
  from space 4096K,   0% used [0x0000000082000000, 0x0000000082000000, 0x0000000082400000)
  to   space 4096K,   0% used [0x0000000082400000, 0x0000000082400000, 0x0000000082800000)
 tenured generation   total 81664K, used 48997K [0x00000000aaaa0000, 0x00000000afa60000, 0x0000000100000000)
   the space 81664K,  59% used [0x00000000aaaa0000, 0x00000000ada79720, 0x00000000ada79800, 0x00000000afa60000)
 Metaspace       used 43121K, committed 43520K, reserved 1114112K
  class space    used 5745K, committed 5888K, reserved 1048576K
}
Event: 30.804 GC heap before
{Heap before GC invocations=25 (full 3):
 def new generation   total 36864K, used 32768K [0x0000000080000000, 0x0000000082800000, 0x00000000aaaa0000)
  eden space 32768K, 100% used [0x0000000080000000, 0x0000000082000000, 0x0000000082000000)
  from space 4096K,   0% used [0x0000000082000000, 0x0000000082000000, 0x0000000082400000)
  to   space 4096K,   0% used [0x0000000082400000, 0x0000000082400000, 0x0000000082800000)
 tenured generation   total 81664K, used 48997K [0x00000000aaaa0000, 0x00000000afa60000, 0x0000000100000000)
   the space 81664K,  59% used [0x00000000aaaa0000, 0x00000000ada79720, 0x00000000ada79800, 0x00000000afa60000)
 Metaspace       used 47201K, committed 47616K, reserved 1114112K
  class space    used 6262K, committed 6464K, reserved 1048576K
}
Event: 30.863 GC heap after
{Heap after GC invocations=26 (full 3):
 def new generation   total 36864K, used 2979K [0x0000000080000000, 0x0000000082800000, 0x00000000aaaa0000)
  eden space 32768K,   0% used [0x0000000080000000, 0x0000000080000000, 0x0000000082000000)
  from space 4096K,  72% used [0x0000000082400000, 0x00000000826e8fe0, 0x0000000082800000)
  to   space 4096K,   0% used [0x0000000082000000, 0x0000000082000000, 0x0000000082400000)
 tenured generation   total 81664K, used 49002K [0x00000000aaaa0000, 0x00000000afa60000, 0x0000000100000000)
   the space 81664K,  60% used [0x00000000aaaa0000, 0x00000000ada7ab50, 0x00000000ada7ac00, 0x00000000afa60000)
 Metaspace       used 47201K, committed 47616K, reserved 1114112K
  class space    used 6262K, committed 6464K, reserved 1048576K
}
Event: 32.772 GC heap before
{Heap before GC invocations=26 (full 3):
 def new generation   total 36864K, used 35747K [0x0000000080000000, 0x0000000082800000, 0x00000000aaaa0000)
  eden space 32768K, 100% used [0x0000000080000000, 0x0000000082000000, 0x0000000082000000)
  from space 4096K,  72% used [0x0000000082400000, 0x00000000826e8fe0, 0x0000000082800000)
  to   space 4096K,   0% used [0x0000000082000000, 0x0000000082000000, 0x0000000082400000)
 tenured generation   total 81664K, used 49002K [0x00000000aaaa0000, 0x00000000afa60000, 0x0000000100000000)
   the space 81664K,  60% used [0x00000000aaaa0000, 0x00000000ada7ab50, 0x00000000ada7ac00, 0x00000000afa60000)
 Metaspace       used 49809K, committed 50368K, reserved 1114112K
  class space    used 6505K, committed 6784K, reserved 1048576K
}
Event: 32.806 GC heap after
{Heap after GC invocations=27 (full 3):
 def new generation   total 36864K, used 4095K [0x0000000080000000, 0x0000000082800000, 0x00000000aaaa0000)
  eden space 32768K,   0% used [0x0000000080000000, 0x0000000080000000, 0x0000000082000000)
  from space 4096K,  99% used [0x0000000082000000, 0x00000000823ffff8, 0x0000000082400000)
  to   space 4096K,   0% used [0x0000000082400000, 0x0000000082400000, 0x0000000082800000)
 tenured generation   total 81664K, used 54218K [0x00000000aaaa0000, 0x00000000afa60000, 0x0000000100000000)
   the space 81664K,  66% used [0x00000000aaaa0000, 0x00000000adf929a8, 0x00000000adf92a00, 0x00000000afa60000)
 Metaspace       used 49809K, committed 50368K, reserved 1114112K
  class space    used 6505K, committed 6784K, reserved 1048576K
}
Event: 34.197 GC heap before
{Heap before GC invocations=27 (full 3):
 def new generation   total 36864K, used 36863K [0x0000000080000000, 0x0000000082800000, 0x00000000aaaa0000)
  eden space 32768K, 100% used [0x0000000080000000, 0x0000000082000000, 0x0000000082000000)
  from space 4096K,  99% used [0x0000000082000000, 0x00000000823ffff8, 0x0000000082400000)
  to   space 4096K,   0% used [0x0000000082400000, 0x0000000082400000, 0x0000000082800000)
 tenured generation   total 81664K, used 54218K [0x00000000aaaa0000, 0x00000000afa60000, 0x0000000100000000)
   the space 81664K,  66% used [0x00000000aaaa0000, 0x00000000adf929a8, 0x00000000adf92a00, 0x00000000afa60000)
 Metaspace       used 52071K, committed 52672K, reserved 1114112K
  class space    used 6923K, committed 7168K, reserved 1048576K
}
Event: 34.212 GC heap after
{Heap after GC invocations=28 (full 3):
 def new generation   total 36864K, used 1787K [0x0000000080000000, 0x0000000082800000, 0x00000000aaaa0000)
  eden space 32768K,   0% used [0x0000000080000000, 0x0000000080000000, 0x0000000082000000)
  from space 4096K,  43% used [0x0000000082400000, 0x00000000825bede8, 0x0000000082800000)
  to   space 4096K,   0% used [0x0000000082000000, 0x0000000082000000, 0x0000000082400000)
 tenured generation   total 81664K, used 58183K [0x00000000aaaa0000, 0x00000000afa60000, 0x0000000100000000)
   the space 81664K,  71% used [0x00000000aaaa0000, 0x00000000ae371ff8, 0x00000000ae372000, 0x00000000afa60000)
 Metaspace       used 52071K, committed 52672K, reserved 1114112K
  class space    used 6923K, committed 7168K, reserved 1048576K
}
Event: 36.268 GC heap before
{Heap before GC invocations=28 (full 3):
 def new generation   total 36864K, used 34555K [0x0000000080000000, 0x0000000082800000, 0x00000000aaaa0000)
  eden space 32768K, 100% used [0x0000000080000000, 0x0000000082000000, 0x0000000082000000)
  from space 4096K,  43% used [0x0000000082400000, 0x00000000825bede8, 0x0000000082800000)
  to   space 4096K,   0% used [0x0000000082000000, 0x0000000082000000, 0x0000000082400000)
 tenured generation   total 81664K, used 58183K [0x00000000aaaa0000, 0x00000000afa60000, 0x0000000100000000)
   the space 81664K,  71% used [0x00000000aaaa0000, 0x00000000ae371ff8, 0x00000000ae372000, 0x00000000afa60000)
 Metaspace       used 55540K, committed 56192K, reserved 1114112K
  class space    used 7522K, committed 7808K, reserved 1048576K
}
Event: 36.294 GC heap after
{Heap after GC invocations=29 (full 3):
 def new generation   total 36864K, used 3685K [0x0000000080000000, 0x0000000082800000, 0x00000000aaaa0000)
  eden space 32768K,   0% used [0x0000000080000000, 0x0000000080000000, 0x0000000082000000)
  from space 4096K,  89% used [0x0000000082000000, 0x0000000082399678, 0x0000000082400000)
  to   space 4096K,   0% used [0x0000000082400000, 0x0000000082400000, 0x0000000082800000)
 tenured generation   total 81664K, used 58183K [0x00000000aaaa0000, 0x00000000afa60000, 0x0000000100000000)
   the space 81664K,  71% used [0x00000000aaaa0000, 0x00000000ae371ff8, 0x00000000ae372000, 0x00000000afa60000)
 Metaspace       used 55540K, committed 56192K, reserved 1114112K
  class space    used 7522K, committed 7808K, reserved 1048576K
}
Event: 42.937 GC heap before
{Heap before GC invocations=29 (full 3):
 def new generation   total 36864K, used 36453K [0x0000000080000000, 0x0000000082800000, 0x00000000aaaa0000)
  eden space 32768K, 100% used [0x0000000080000000, 0x0000000082000000, 0x0000000082000000)
  from space 4096K,  89% used [0x0000000082000000, 0x0000000082399678, 0x0000000082400000)
  to   space 4096K,   0% used [0x0000000082400000, 0x0000000082400000, 0x0000000082800000)
 tenured generation   total 81664K, used 58183K [0x00000000aaaa0000, 0x00000000afa60000, 0x0000000100000000)
   the space 81664K,  71% used [0x00000000aaaa0000, 0x00000000ae371ff8, 0x00000000ae372000, 0x00000000afa60000)
 Metaspace       used 60598K, committed 61248K, reserved 1114112K
  class space    used 8121K, committed 8384K, reserved 1048576K
}
Event: 43.165 GC heap after
{Heap after GC invocations=30 (full 3):
 def new generation   total 36864K, used 4096K [0x0000000080000000, 0x0000000082800000, 0x00000000aaaa0000)
  eden space 32768K,   0% used [0x0000000080000000, 0x0000000080000000, 0x0000000082000000)
  from space 4096K, 100% used [0x0000000082400000, 0x0000000082800000, 0x0000000082800000)
  to   space 4096K,   0% used [0x0000000082000000, 0x0000000082000000, 0x0000000082400000)
 tenured generation   total 81664K, used 61318K [0x00000000aaaa0000, 0x00000000afa60000, 0x0000000100000000)
   the space 81664K,  75% used [0x00000000aaaa0000, 0x00000000ae681bf8, 0x00000000ae681c00, 0x00000000afa60000)
 Metaspace       used 60598K, committed 61248K, reserved 1114112K
  class space    used 8121K, committed 8384K, reserved 1048576K
}
Event: 47.571 GC heap before
{Heap before GC invocations=30 (full 3):
 def new generation   total 36864K, used 36864K [0x0000000080000000, 0x0000000082800000, 0x00000000aaaa0000)
  eden space 32768K, 100% used [0x0000000080000000, 0x0000000082000000, 0x0000000082000000)
  from space 4096K, 100% used [0x0000000082400000, 0x0000000082800000, 0x0000000082800000)
  to   space 4096K,   0% used [0x0000000082000000, 0x0000000082000000, 0x0000000082400000)
 tenured generation   total 81664K, used 61318K [0x00000000aaaa0000, 0x00000000afa60000, 0x0000000100000000)
   the space 81664K,  75% used [0x00000000aaaa0000, 0x00000000ae681bf8, 0x00000000ae681c00, 0x00000000afa60000)
 Metaspace       used 64784K, committed 65536K, reserved 1114112K
  class space    used 8689K, committed 9024K, reserved 1048576K
}
Event: 47.630 GC heap after
{Heap after GC invocations=31 (full 3):
 def new generation   total 36864K, used 2166K [0x0000000080000000, 0x0000000082800000, 0x00000000aaaa0000)
  eden space 32768K,   0% used [0x0000000080000000, 0x0000000080000000, 0x0000000082000000)
  from space 4096K,  52% used [0x0000000082000000, 0x000000008221d868, 0x0000000082400000)
  to   space 4096K,   0% used [0x0000000082400000, 0x0000000082400000, 0x0000000082800000)
 tenured generation   total 81664K, used 65211K [0x00000000aaaa0000, 0x00000000afa60000, 0x0000000100000000)
   the space 81664K,  79% used [0x00000000aaaa0000, 0x00000000aea4efd8, 0x00000000aea4f000, 0x00000000afa60000)
 Metaspace       used 64784K, committed 65536K, reserved 1114112K
  class space    used 8689K, committed 9024K, reserved 1048576K
}
Event: 51.395 GC heap before
{Heap before GC invocations=31 (full 3):
 def new generation   total 36864K, used 34934K [0x0000000080000000, 0x0000000082800000, 0x00000000aaaa0000)
  eden space 32768K, 100% used [0x0000000080000000, 0x0000000082000000, 0x0000000082000000)
  from space 4096K,  52% used [0x0000000082000000, 0x000000008221d868, 0x0000000082400000)
  to   space 4096K,   0% used [0x0000000082400000, 0x0000000082400000, 0x0000000082800000)
 tenured generation   total 81664K, used 65211K [0x00000000aaaa0000, 0x00000000afa60000, 0x0000000100000000)
   the space 81664K,  79% used [0x00000000aaaa0000, 0x00000000aea4efd8, 0x00000000aea4f000, 0x00000000afa60000)
 Metaspace       used 68583K, committed 69312K, reserved 1114112K
  class space    used 9654K, committed 9984K, reserved 1048576K
}
Event: 51.509 GC heap after
{Heap after GC invocations=32 (full 3):
 def new generation   total 36864K, used 4096K [0x0000000080000000, 0x0000000082800000, 0x00000000aaaa0000)
  eden space 32768K,   0% used [0x0000000080000000, 0x0000000080000000, 0x0000000082000000)
  from space 4096K, 100% used [0x0000000082400000, 0x0000000082800000, 0x0000000082800000)
  to   space 4096K,   0% used [0x0000000082000000, 0x0000000082000000, 0x0000000082400000)
 tenured generation   total 81664K, used 71658K [0x00000000aaaa0000, 0x00000000afa60000, 0x0000000100000000)
   the space 81664K,  87% used [0x00000000aaaa0000, 0x00000000af09aa30, 0x00000000af09ac00, 0x00000000afa60000)
 Metaspace       used 68583K, committed 69312K, reserved 1114112K
  class space    used 9654K, committed 9984K, reserved 1048576K
}
Event: 53.809 GC heap before
{Heap before GC invocations=32 (full 3):
 def new generation   total 36864K, used 36864K [0x0000000080000000, 0x0000000082800000, 0x00000000aaaa0000)
  eden space 32768K, 100% used [0x0000000080000000, 0x0000000082000000, 0x0000000082000000)
  from space 4096K, 100% used [0x0000000082400000, 0x0000000082800000, 0x0000000082800000)
  to   space 4096K,   0% used [0x0000000082000000, 0x0000000082000000, 0x0000000082400000)
 tenured generation   total 81664K, used 71658K [0x00000000aaaa0000, 0x00000000afa60000, 0x0000000100000000)
   the space 81664K,  87% used [0x00000000aaaa0000, 0x00000000af09aa30, 0x00000000af09ac00, 0x00000000afa60000)
 Metaspace       used 71223K, committed 72000K, reserved 1114112K
  class space    used 10018K, committed 10368K, reserved 1048576K
}
Event: 53.834 GC heap after
{Heap after GC invocations=33 (full 3):
 def new generation   total 36864K, used 1822K [0x0000000080000000, 0x0000000082800000, 0x00000000aaaa0000)
  eden space 32768K,   0% used [0x0000000080000000, 0x0000000080000000, 0x0000000082000000)
  from space 4096K,  44% used [0x0000000082000000, 0x00000000821c7ba8, 0x0000000082400000)
  to   space 4096K,   0% used [0x0000000082400000, 0x0000000082400000, 0x0000000082800000)
 tenured generation   total 81664K, used 75704K [0x00000000aaaa0000, 0x00000000afa60000, 0x0000000100000000)
   the space 81664K,  92% used [0x00000000aaaa0000, 0x00000000af48e040, 0x00000000af48e200, 0x00000000afa60000)
 Metaspace       used 71223K, committed 72000K, reserved 1114112K
  class space    used 10018K, committed 10368K, reserved 1048576K
}
Event: 54.578 GC heap before
{Heap before GC invocations=33 (full 3):
 def new generation   total 36864K, used 8672K [0x0000000080000000, 0x0000000082800000, 0x00000000aaaa0000)
  eden space 32768K,  20% used [0x0000000080000000, 0x00000000806b05d8, 0x0000000082000000)
  from space 4096K,  44% used [0x0000000082000000, 0x00000000821c7ba8, 0x0000000082400000)
  to   space 4096K,   0% used [0x0000000082400000, 0x0000000082400000, 0x0000000082800000)
 tenured generation   total 81664K, used 75704K [0x00000000aaaa0000, 0x00000000afa60000, 0x0000000100000000)
   the space 81664K,  92% used [0x00000000aaaa0000, 0x00000000af48e040, 0x00000000af48e200, 0x00000000afa60000)
 Metaspace       used 71891K, committed 72576K, reserved 1114112K
  class space    used 10109K, committed 10432K, reserved 1048576K
}
Event: 57.329 GC heap after
{Heap after GC invocations=34 (full 4):
 def new generation   total 36928K, used 0K [0x0000000080000000, 0x0000000082810000, 0x00000000aaaa0000)
  eden space 32832K,   0% used [0x0000000080000000, 0x0000000080000000, 0x0000000082010000)
  from space 4096K,   0% used [0x0000000082010000, 0x0000000082010000, 0x0000000082410000)
  to   space 4096K,   0% used [0x0000000082410000, 0x0000000082410000, 0x0000000082810000)
 tenured generation   total 81664K, used 76716K [0x00000000aaaa0000, 0x00000000afa60000, 0x0000000100000000)
   the space 81664K,  93% used [0x00000000aaaa0000, 0x00000000af58b090, 0x00000000af58b200, 0x00000000afa60000)
 Metaspace       used 71891K, committed 72576K, reserved 1114112K
  class space    used 10109K, committed 10432K, reserved 1048576K
}

